<?xml version="1.0" encoding="UTF-8"?>
<!-- Generated by org.testng.reporters.JUnitXMLReporter -->
<testsuite ignored="1" hostname="DESKTOP-6DK9BR1" failures="2" tests="2" name="submitQuote" time="16.076" errors="0" timestamp="2024-12-29T16:46:16 IST">
  <testcase classname="rahulShettyAcademy.SeleniumFrameworkDesign.StandaloneTest2" name="submitOrder" time="8.501">
    <failure type="java.lang.AssertionError" message="expected [true] but found [false]">
      <![CDATA[java.lang.AssertionError: expected [true] but found [false]
at rahulshettyacademy.pageobjects.ConfirmationPage.validateProductName(ConfirmationPage.java:28)
at rahulShettyAcademy.SeleniumFrameworkDesign.StandaloneTest2.submitOrder(StandaloneTest2.java:64)
at java.base/java.util.ArrayList.forEach(ArrayList.java:1511)
... Removed 31 stack frames]]>
    </failure>
  </testcase> <!-- submitOrder -->
  <testcase classname="rahulShettyAcademy.SeleniumFrameworkDesign.StandaloneTest2" name="submitOrder" time="6.797">
    <failure type="java.lang.AssertionError" message="expected [true] but found [false]">
      <![CDATA[java.lang.AssertionError: expected [true] but found [false]
at rahulshettyacademy.pageobjects.ConfirmationPage.validateProductName(ConfirmationPage.java:28)
at rahulShettyAcademy.SeleniumFrameworkDesign.StandaloneTest2.submitOrder(StandaloneTest2.java:64)
at java.base/java.util.ArrayList.forEach(ArrayList.java:1511)
... Removed 31 stack frames]]>
    </failure>
  </testcase> <!-- submitOrder -->
  <testcase classname="rahulShettyAcademy.SeleniumFrameworkDesign.StandaloneTest2" name="validateOrderHistory" time="0.0">
    <ignored/>
  </testcase> <!-- validateOrderHistory -->
</testsuite> <!-- submitQuote -->
